<?xml version="1.0" encoding="UTF-8"?>
<testng-results ignored="1" total="2" passed="0" failed="1" skipped="0">
  <reporter-output>
  </reporter-output>
  <suite started-at="2025-08-11T12:41:42 IST" name="Default suite" finished-at="2025-08-11T12:42:10 IST" duration-ms="27415">
    <groups>
    </groups>
    <test started-at="2025-08-11T12:41:42 IST" name="Default test" finished-at="2025-08-11T12:42:10 IST" duration-ms="27415">
      <class name="Dashboard.Activate_Test_Kit_Test_Cases.TC_02_TC_40_Verify_Auto_Population_Of_Secondary_Barcode">
        <test-method is-config="true" signature="beforeSuite(org.testng.ITestContext)[pri:0, instance:Dashboard.Activate_Test_Kit_Test_Cases.TC_02_TC_40_Verify_Auto_Population_Of_Secondary_Barcode@411f53a0]" started-at="2025-08-11T12:41:42 IST" name="beforeSuite" finished-at="2025-08-11T12:41:42 IST" duration-ms="186" status="PASS">
          <params>
            <param index="0">
              <value>
                <![CDATA[org.testng.TestRunner@72456279]]>
              </value>
            </param>
          </params>
          <reporter-output>
          </reporter-output>
        </test-method> <!-- beforeSuite -->
        <test-method is-config="true" signature="beforeClass(org.testng.ITestContext)[pri:0, instance:Dashboard.Activate_Test_Kit_Test_Cases.TC_02_TC_40_Verify_Auto_Population_Of_Secondary_Barcode@411f53a0]" started-at="2025-08-11T12:41:42 IST" name="beforeClass" finished-at="2025-08-11T12:41:52 IST" duration-ms="10020" status="PASS">
          <params>
            <param index="0">
              <value>
                <![CDATA[org.testng.TestRunner@72456279]]>
              </value>
            </param>
          </params>
          <reporter-output>
          </reporter-output>
        </test-method> <!-- beforeClass -->
        <test-method is-config="true" signature="beforeEachMethod(java.lang.reflect.Method)[pri:0, instance:Dashboard.Activate_Test_Kit_Test_Cases.TC_02_TC_40_Verify_Auto_Population_Of_Secondary_Barcode@411f53a0]" started-at="2025-08-11T12:41:52 IST" name="beforeEachMethod" finished-at="2025-08-11T12:41:52 IST" duration-ms="9" status="PASS">
          <params>
            <param index="0">
              <value>
                <![CDATA[public void Dashboard.Activate_Test_Kit_Test_Cases.TC_02_TC_40_Verify_Auto_Population_Of_Secondary_Barcode.TC_40_Generate_primary_secondary_barcodes() throws java.io.IOException,java.lang.InterruptedException]]>
              </value>
            </param>
          </params>
          <reporter-output>
          </reporter-output>
        </test-method> <!-- beforeEachMethod -->
        <test-method signature="TC_40_Generate_primary_secondary_barcodes()[pri:0, instance:Dashboard.Activate_Test_Kit_Test_Cases.TC_02_TC_40_Verify_Auto_Population_Of_Secondary_Barcode@411f53a0]" started-at="2025-08-11T12:41:52 IST" name="TC_40_Generate_primary_secondary_barcodes" finished-at="2025-08-11T12:42:09 IST" duration-ms="16749" status="FAIL">
          <exception class="org.openqa.selenium.support.ui.UnexpectedTagNameException">
            <message>
              <![CDATA[Element should have been "select" but was "null"
Build info: version: '4.25.0', revision: '8a8aea2337'
System info: os.name: 'Windows 11', os.arch: 'amd64', os.version: '10.0', java.version: '21.0.8'
Driver info: driver.version: unknown]]>
            </message>
            <full-stacktrace>
              <![CDATA[org.openqa.selenium.support.ui.UnexpectedTagNameException: Element should have been "select" but was "null"
Build info: version: '4.25.0', revision: '8a8aea2337'
System info: os.name: 'Windows 11', os.arch: 'amd64', os.version: '10.0', java.version: '21.0.8'
Driver info: driver.version: unknown
at org.openqa.selenium.support.ui.Select.<init>(Select.java:46)
at Wrappers.WebDropDown.selectByText(WebDropDown.java:122)
at Test.Dashboard.Actions_Class.Activate_Test_Kit_Actions.createSingleBarcodeFromTimsToUseInDashboard(Activate_Test_Kit_Actions.java:149)
at Dashboard.Activate_Test_Kit_Test_Cases.TC_02_TC_40_Verify_Auto_Population_Of_Secondary_Barcode.TC_40_Generate_primary_secondary_barcodes(TC_02_TC_40_Verify_Auto_Population_Of_Secondary_Barcode.java:21)
at java.base/jdk.internal.reflect.DirectMethodHandleAccessor.invoke(DirectMethodHandleAccessor.java:103)
at java.base/java.lang.reflect.Method.invoke(Method.java:580)
at org.testng.internal.invokers.MethodInvocationHelper.invokeMethod(MethodInvocationHelper.java:136)
at org.testng.internal.invokers.TestInvoker.invokeMethod(TestInvoker.java:658)
at org.testng.internal.invokers.TestInvoker.invokeTestMethod(TestInvoker.java:219)
at org.testng.internal.invokers.MethodRunner.runInSequence(MethodRunner.java:50)
at org.testng.internal.invokers.TestInvoker$MethodInvocationAgent.invoke(TestInvoker.java:923)
at org.testng.internal.invokers.TestInvoker.invokeTestMethods(TestInvoker.java:192)
at org.testng.internal.invokers.TestMethodWorker.invokeTestMethods(TestMethodWorker.java:146)
at org.testng.internal.invokers.TestMethodWorker.run(TestMethodWorker.java:128)
at java.base/java.util.ArrayList.forEach(ArrayList.java:1596)
at org.testng.TestRunner.privateRun(TestRunner.java:808)
at org.testng.TestRunner.run(TestRunner.java:603)
at org.testng.SuiteRunner.runTest(SuiteRunner.java:429)
at org.testng.SuiteRunner.runSequentially(SuiteRunner.java:423)
at org.testng.SuiteRunner.privateRun(SuiteRunner.java:383)
at org.testng.SuiteRunner.run(SuiteRunner.java:326)
at org.testng.SuiteRunnerWorker.runSuite(SuiteRunnerWorker.java:52)
at org.testng.SuiteRunnerWorker.run(SuiteRunnerWorker.java:95)
at org.testng.TestNG.runSuitesSequentially(TestNG.java:1249)
at org.testng.TestNG.runSuitesLocally(TestNG.java:1169)
at org.testng.TestNG.runSuites(TestNG.java:1092)
at org.testng.TestNG.run(TestNG.java:1060)
at org.testng.remote.AbstractRemoteTestNG.run(AbstractRemoteTestNG.java:115)
at org.testng.remote.RemoteTestNG.initAndRun(RemoteTestNG.java:293)
at org.testng.remote.RemoteTestNG.main(RemoteTestNG.java:91)
]]>
            </full-stacktrace>
          </exception> <!-- org.openqa.selenium.support.ui.UnexpectedTagNameException -->
          <reporter-output>
          </reporter-output>
        </test-method> <!-- TC_40_Generate_primary_secondary_barcodes -->
        <test-method is-config="true" signature="afterEachMethod(org.testng.ITestResult)[pri:0, instance:Dashboard.Activate_Test_Kit_Test_Cases.TC_02_TC_40_Verify_Auto_Population_Of_Secondary_Barcode@411f53a0]" started-at="2025-08-11T12:42:09 IST" name="afterEachMethod" finished-at="2025-08-11T12:42:10 IST" duration-ms="423" status="PASS">
          <params>
            <param index="0">
              <value>
                <![CDATA[[TestResult name=TC_40_Generate_primary_secondary_barcodes status=FAILURE method=TC_02_TC_40_Verify_Auto_Population_Of_Secondary_Barcode.TC_40_Generate_primary_secondary_barcodes()[pri:0, instance:Dashboard.Activate_Test_Kit_Test_Cases.TC_02_TC_40_Verify_Auto_Population_Of_Secondary_Barcode@411f53a0] output={null}]]]>
              </value>
            </param>
          </params>
          <reporter-output>
          </reporter-output>
        </test-method> <!-- afterEachMethod -->
        <test-method is-config="true" signature="afterClass()[pri:0, instance:Dashboard.Activate_Test_Kit_Test_Cases.TC_02_TC_40_Verify_Auto_Population_Of_Secondary_Barcode@411f53a0]" started-at="2025-08-11T12:42:10 IST" name="afterClass" finished-at="2025-08-11T12:42:10 IST" duration-ms="190" status="PASS">
          <reporter-output>
          </reporter-output>
        </test-method> <!-- afterClass -->
        <test-method is-config="true" signature="afterSuite()[pri:0, instance:Dashboard.Activate_Test_Kit_Test_Cases.TC_02_TC_40_Verify_Auto_Population_Of_Secondary_Barcode@411f53a0]" started-at="2025-08-11T12:42:10 IST" name="afterSuite" finished-at="2025-08-11T12:42:10 IST" duration-ms="133" status="PASS">
          <reporter-output>
          </reporter-output>
        </test-method> <!-- afterSuite -->
      </class> <!-- Dashboard.Activate_Test_Kit_Test_Cases.TC_02_TC_40_Verify_Auto_Population_Of_Secondary_Barcode -->
    </test> <!-- Default test -->
  </suite> <!-- Default suite -->
</testng-results>
